Build started 17/05/2013 16:12:24.
     1>Project "C:\Users\pcSamuel\Documents\GitHub\VR_project\HeadTracker\HeadTracker.vcxproj" on node 4 (build target(s)).
     1>InitializeBuildStatus:
         Creating "Debug\HeadTracker.unsuccessfulbuild" because "AlwaysCreate" was specified.
       ClCompile:
         c:\Program Files (x86)\Microsoft Visual Studio 10.0\VC\bin\CL.exe /c /I"C:\aruco-1.2.4\include" /IC:\Users\pcSamuel\Documents\GitHub\VR_project\\SharedMemoryUtils /IC:\opencv245\opencv\build\include /ZI /nologo /W3 /WX- /Od /Oy- /D WIN32 /D _DEBUG /D _CONSOLE /D _UNICODE /D UNICODE /Gm /EHsc /RTC1 /MDd /GS /fp:precise /Zc:wchar_t /Zc:forScope /Fo"Debug\\" /Fd"Debug\vc100.pdb" /Gd /TP /analyze- /errorReport:prompt ..\SharedMemoryUtils\SharedMemoryManager.cpp
         SharedMemoryManager.cpp
     1>c:\users\pcsamuel\documents\github\vr_project\sharedmemoryutils\sharedmemorymanager.cpp(47): warning C4172: returning address of local variable or temporary
     1>c:\users\pcsamuel\documents\github\vr_project\sharedmemoryutils\sharedmemorymanager.cpp(53): warning C4172: returning address of local variable or temporary
       ManifestResourceCompile:
         All outputs are up-to-date.
       Link:
         c:\Program Files (x86)\Microsoft Visual Studio 10.0\VC\bin\link.exe /ERRORREPORT:PROMPT /OUT:"C:\Users\pcSamuel\Documents\GitHub\VR_project\Debug\HeadTracker.exe" /INCREMENTAL /NOLOGO /LIBPATH:"C:\aruco-1.2.4\lib\debug" /LIBPATH:"$OPENCV_LIB)" /LIBPATH:C:\opencv245\opencv\build\\lib aruco124.lib arucofidmarkersd.obj boardd.obj boarddetectord.obj cameraparametersd.obj cvdrawingutilsd.obj markerd.obj markerdetectord.obj opencv_core245d.lib opencv_imgproc245d.lib opencv_highgui245d.lib opencv_ml245d.lib opencv_video245d.lib opencv_features2d245d.lib opencv_calib3d245d.lib opencv_objdetect245d.lib opencv_contrib245d.lib opencv_legacy245d.lib opencv_flann245d.lib kernel32.lib user32.lib gdi32.lib winspool.lib comdlg32.lib advapi32.lib shell32.lib ole32.lib oleaut32.lib uuid.lib odbc32.lib odbccp32.lib /MANIFEST /ManifestFile:"Debug\HeadTracker.exe.intermediate.manifest" /MANIFESTUAC:"level='asInvoker' uiAccess='false'" /DEBUG /PDB:"C:\Users\pcSamuel\Documents\GitHub\VR_project\Debug\HeadTracker.pdb" /SUBSYSTEM:CONSOLE /TLBID:1 /DYNAMICBASE /NXCOMPAT /IMPLIB:"C:\Users\pcSamuel\Documents\GitHub\VR_project\Debug\HeadTracker.lib" /MACHINE:X86 Debug\HeadTracker.exe.embed.manifest.res
         Debug\SharedMemoryManager.obj
         Debug\head_tracker.obj
       Manifest:
         C:\Program Files (x86)\Microsoft SDKs\Windows\v7.0A\bin\mt.exe /nologo /verbose /out:"Debug\HeadTracker.exe.embed.manifest" /manifest Debug\HeadTracker.exe.intermediate.manifest
         All outputs are up-to-date.
       LinkEmbedManifest:
         All outputs are up-to-date.
         HeadTracker.vcxproj -> C:\Users\pcSamuel\Documents\GitHub\VR_project\Debug\HeadTracker.exe
       PostBuildEvent:
         copy "C:\Users\pcSamuel\Documents\GitHub\VR_project\Debug\HeadTracker.exe" "C:\opencv245\opencv\build\\bin"
         :VCEnd
                 1 fichier(s) copié(s).
       FinalizeBuildStatus:
         Deleting file "Debug\HeadTracker.unsuccessfulbuild".
         Touching "Debug\HeadTracker.lastbuildstate".
     1>Done Building Project "C:\Users\pcSamuel\Documents\GitHub\VR_project\HeadTracker\HeadTracker.vcxproj" (build target(s)).

Build succeeded.

Time Elapsed 00:00:03.14
