Build started 24/04/2013 11:52:43.
     1>Project "C:\Users\pcSamuel\Documents\GitHub\VR_project\HeadTracker\HeadTracker.vcxproj" on node 2 (build target(s)).
     1>InitializeBuildStatus:
         Creating "Release\HeadTracker.unsuccessfulbuild" because "AlwaysCreate" was specified.
       ClCompile:
         c:\Program Files (x86)\Microsoft Visual Studio 10.0\VC\bin\CL.exe /c /IC:\Users\pcSamuel\Documents\GitHub\VR_project\\SharedMemoryUtils /IC:\opencv245\opencv\build\include /Zi /nologo /W3 /WX- /O2 /Oi /Oy- /GL /D WIN32 /D NDEBUG /D _CONSOLE /D _UNICODE /D UNICODE /Gm- /EHsc /MD /GS /Gy /fp:precise /Zc:wchar_t /Zc:forScope /Fo"Release\\" /Fd"Release\vc100.pdb" /Gd /TP /analyze- /errorReport:prompt head_tracker.cpp
         head_tracker.cpp
     1>head_tracker.cpp(86): warning C4018: '<' : signed/unsigned mismatch
     1>head_tracker.cpp(97): warning C4244: 'argument' : conversion from 'double' to 'int', possible loss of data
     1>head_tracker.cpp(97): warning C4244: 'argument' : conversion from 'double' to 'int', possible loss of data
     1>head_tracker.cpp(98): warning C4244: 'argument' : conversion from 'double' to 'int', possible loss of data
     1>head_tracker.cpp(98): warning C4244: 'argument' : conversion from 'double' to 'int', possible loss of data
       Link:
         c:\Program Files (x86)\Microsoft Visual Studio 10.0\VC\bin\link.exe /ERRORREPORT:PROMPT /OUT:"C:\Users\pcSamuel\Documents\GitHub\VR_project\Release\HeadTracker.exe" /INCREMENTAL:NO /NOLOGO /LIBPATH:C:\opencv245\opencv\build\x86\vc10\lib opencv_core245.lib opencv_imgproc245.lib opencv_highgui245.lib opencv_ml245.lib opencv_video245.lib opencv_features2d245.lib opencv_calib3d245.lib opencv_objdetect245.lib opencv_contrib245.lib opencv_legacy245.lib opencv_flann245.lib kernel32.lib user32.lib gdi32.lib winspool.lib comdlg32.lib advapi32.lib shell32.lib ole32.lib oleaut32.lib uuid.lib odbc32.lib odbccp32.lib /MANIFEST /ManifestFile:"Release\HeadTracker.exe.intermediate.manifest" /MANIFESTUAC:"level='asInvoker' uiAccess='false'" /DEBUG /PDB:"C:\Users\pcSamuel\Documents\GitHub\VR_project\Release\HeadTracker.pdb" /SUBSYSTEM:CONSOLE /OPT:REF /OPT:ICF /LTCG /TLBID:1 /DYNAMICBASE /NXCOMPAT /IMPLIB:"C:\Users\pcSamuel\Documents\GitHub\VR_project\Release\HeadTracker.lib" /MACHINE:X86 Release\SharedMemoryManager.obj
         Release\head_tracker.obj
         Generating code
         Finished generating code
         HeadTracker.vcxproj -> C:\Users\pcSamuel\Documents\GitHub\VR_project\Release\HeadTracker.exe
       Manifest:
         C:\Program Files (x86)\Microsoft SDKs\Windows\v7.0A\bin\mt.exe /nologo /verbose /outputresource:"C:\Users\pcSamuel\Documents\GitHub\VR_project\Release\HeadTracker.exe;#1" /manifest Release\HeadTracker.exe.intermediate.manifest
       FinalizeBuildStatus:
         Deleting file "Release\HeadTracker.unsuccessfulbuild".
         Touching "Release\HeadTracker.lastbuildstate".
     1>Done Building Project "C:\Users\pcSamuel\Documents\GitHub\VR_project\HeadTracker\HeadTracker.vcxproj" (build target(s)).

Build succeeded.

Time Elapsed 00:00:01.85
