C:\USERS\PCSAMUEL\DOCUMENTS\GITHUB\VR_PROJECT\BASICAPPWITHBULLET\BIN\RELEASE\BASICAPPWITHBULLET.EXE
C:\Users\pcSamuel\Documents\GitHub\VR_project\BasicAppWithBullet\bin\Release\BasicAppWithBullet.exp
C:\Users\pcSamuel\Documents\GitHub\VR_project\BasicAppWithBullet\bin\Release\BasicAppWithBullet.lib
C:\USERS\PCSAMUEL\DOCUMENTS\GITHUB\VR_PROJECT\BASICAPPWITHBULLET\OBJ\RELEASE\BASEAPPLICATION.OBJ
C:\USERS\PCSAMUEL\DOCUMENTS\GITHUB\VR_PROJECT\BASICAPPWITHBULLET\OBJ\RELEASE\BASICAPPWITHBULLET.EXE.INTERMEDIATE.MANIFEST
C:\USERS\PCSAMUEL\DOCUMENTS\GITHUB\VR_PROJECT\BASICAPPWITHBULLET\OBJ\RELEASE\BASICAPPWITHBULLET.OBJ
C:\USERS\PCSAMUEL\DOCUMENTS\GITHUB\VR_PROJECT\BASICAPPWITHBULLET\OBJ\RELEASE\BASICAPPWITHBULLET.RES
C:\Users\pcSamuel\Documents\GitHub\VR_project\BasicAppWithBullet\obj\Release\BasicAppWithBullet.write.1.tlog
C:\Users\pcSamuel\Documents\GitHub\VR_project\BasicAppWithBullet\obj\Release\cl.command.1.tlog
C:\Users\pcSamuel\Documents\GitHub\VR_project\BasicAppWithBullet\obj\Release\CL.read.1.tlog
C:\Users\pcSamuel\Documents\GitHub\VR_project\BasicAppWithBullet\obj\Release\CL.write.1.tlog
C:\Users\pcSamuel\Documents\GitHub\VR_project\BasicAppWithBullet\obj\Release\link.command.1.tlog
C:\Users\pcSamuel\Documents\GitHub\VR_project\BasicAppWithBullet\obj\Release\link.read.1.tlog
C:\Users\pcSamuel\Documents\GitHub\VR_project\BasicAppWithBullet\obj\Release\link.write.1.tlog
C:\Users\pcSamuel\Documents\GitHub\VR_project\BasicAppWithBullet\obj\Release\link-cvtres.read.1.tlog
C:\Users\pcSamuel\Documents\GitHub\VR_project\BasicAppWithBullet\obj\Release\link-cvtres.write.1.tlog
C:\Users\pcSamuel\Documents\GitHub\VR_project\BasicAppWithBullet\obj\Release\mt.command.1.tlog
C:\Users\pcSamuel\Documents\GitHub\VR_project\BasicAppWithBullet\obj\Release\mt.read.1.tlog
C:\Users\pcSamuel\Documents\GitHub\VR_project\BasicAppWithBullet\obj\Release\mt.write.1.tlog
C:\Users\pcSamuel\Documents\GitHub\VR_project\BasicAppWithBullet\obj\Release\rc.command.1.tlog
C:\Users\pcSamuel\Documents\GitHub\VR_project\BasicAppWithBullet\obj\Release\rc.read.1.tlog
C:\Users\pcSamuel\Documents\GitHub\VR_project\BasicAppWithBullet\obj\Release\rc.write.1.tlog
C:\USERS\PCSAMUEL\DOCUMENTS\GITHUB\VR_PROJECT\BASICAPPWITHBULLET\OBJ\RELEASE\SHAREDMEMORYMANAGER.OBJ
C:\Users\pcSamuel\Documents\GitHub\VR_project\BasicAppWithBullet\obj\Release\vc100.idb
C:\USERS\PCSAMUEL\DOCUMENTS\GITHUB\VR_PROJECT\BASICAPPWITHBULLET\OBJ\RELEASE\VC100.PDB
