Build started 17/05/2013 08:14:55.
     1>Project "C:\Users\pcSamuel\Documents\GitHub\VR_project\OgreBasicScene\OgreBasicScene.vcxproj" on node 3 (build target(s)).
     1>InitializeBuildStatus:
         Creating "Debug\OgreBasicScene.unsuccessfulbuild" because "AlwaysCreate" was specified.
       ClCompile:
         All outputs are up-to-date.
       ManifestResourceCompile:
         All outputs are up-to-date.
       Link:
         All outputs are up-to-date.
       Manifest:
         All outputs are up-to-date.
       PostBuildEvent:
         copy "C:\Users\pcSamuel\Documents\GitHub\VR_project\Debug\OgreBasicScene.exe" "C:\OgreSDK\bin\Debug"
         :VCEnd
                 1 fichier(s) copié(s).
       FinalizeBuildStatus:
         Deleting file "Debug\OgreBasicScene.unsuccessfulbuild".
         Touching "Debug\OgreBasicScene.lastbuildstate".
     1>Done Building Project "C:\Users\pcSamuel\Documents\GitHub\VR_project\OgreBasicScene\OgreBasicScene.vcxproj" (build target(s)).

Build succeeded.

Time Elapsed 00:00:00.73
