Build started 24/04/2013 11:51:23.
     1>Project "C:\Users\pcSamuel\Documents\GitHub\VR_project\SharedMemoryUtils\SharedMemoryUtils.vcxproj" on node 4 (build target(s)).
     1>InitializeBuildStatus:
         Touching "Release\SharedMemoryUtils.unsuccessfulbuild".
       ClCompile:
         c:\Program Files (x86)\Microsoft Visual Studio 10.0\VC\bin\CL.exe /c /Zi /nologo /W3 /WX- /O2 /Oi /Oy- /GL /D _MBCS /Gm- /EHsc /MD /GS /Gy /fp:precise /Zc:wchar_t /Zc:forScope /Fo"Release\\" /Fd"Release\vc100.pdb" /Gd /TP /analyze- /errorReport:prompt SharedMemoryManager.cpp
         SharedMemoryManager.cpp
     1>SharedMemoryManager.cpp(47): warning C4172: returning address of local variable or temporary
     1>SharedMemoryManager.cpp(53): warning C4172: returning address of local variable or temporary
       Link:
         c:\Program Files (x86)\Microsoft Visual Studio 10.0\VC\bin\link.exe /ERRORREPORT:PROMPT /OUT:"C:\Users\pcSamuel\Documents\GitHub\VR_project\Release\SharedMemoryUtils.exe" /NOLOGO kernel32.lib user32.lib gdi32.lib winspool.lib comdlg32.lib advapi32.lib shell32.lib ole32.lib oleaut32.lib uuid.lib odbc32.lib odbccp32.lib /MANIFEST /ManifestFile:"Release\SharedMemoryUtils.exe.intermediate.manifest" /MANIFESTUAC:"level='asInvoker' uiAccess='false'" /DEBUG /PDB:"C:\Users\pcSamuel\Documents\GitHub\VR_project\Release\SharedMemoryUtils.pdb" /OPT:REF /OPT:ICF /LTCG /TLBID:1 /DYNAMICBASE /NXCOMPAT /IMPLIB:"C:\Users\pcSamuel\Documents\GitHub\VR_project\Release\SharedMemoryUtils.lib" /MACHINE:X86 Release\example.obj
         Release\SharedMemoryManager.obj
         Generating code
         Finished generating code
         SharedMemoryUtils.vcxproj -> C:\Users\pcSamuel\Documents\GitHub\VR_project\Release\SharedMemoryUtils.exe
       Manifest:
         C:\Program Files (x86)\Microsoft SDKs\Windows\v7.0A\bin\mt.exe /nologo /verbose /outputresource:"C:\Users\pcSamuel\Documents\GitHub\VR_project\Release\SharedMemoryUtils.exe;#1" /manifest Release\SharedMemoryUtils.exe.intermediate.manifest
       FinalizeBuildStatus:
         Deleting file "Release\SharedMemoryUtils.unsuccessfulbuild".
         Touching "Release\SharedMemoryUtils.lastbuildstate".
     1>Done Building Project "C:\Users\pcSamuel\Documents\GitHub\VR_project\SharedMemoryUtils\SharedMemoryUtils.vcxproj" (build target(s)).

Build succeeded.

Time Elapsed 00:00:01.70
