Build started 17/05/2013 08:14:55.
     1>Project "C:\Users\pcSamuel\Documents\GitHub\VR_project\BasicAppWithBullet\BasicAppWithBullet.vcxproj" on node 2 (build target(s)).
     1>InitializeBuildStatus:
         Creating "obj\Debug\BasicAppWithBullet.unsuccessfulbuild" because "AlwaysCreate" was specified.
       ClCompile:
         All outputs are up-to-date.
       ResourceCompile:
         All outputs are up-to-date.
       ManifestResourceCompile:
         All outputs are up-to-date.
       Link:
         All outputs are up-to-date.
       Manifest:
         All outputs are up-to-date.
       PostBuildEvent:
         Description: Copying exe to samples bin directory ...
         copy "bin\Debug\\BasicAppWithBullet.exe" "C:\OgreSDK\Bin\Debug"
         :VCEnd
                 1 fichier(s) copié(s).
       FinalizeBuildStatus:
         Deleting file "obj\Debug\BasicAppWithBullet.unsuccessfulbuild".
         Touching "obj\Debug\BasicAppWithBullet.lastbuildstate".
     1>Done Building Project "C:\Users\pcSamuel\Documents\GitHub\VR_project\BasicAppWithBullet\BasicAppWithBullet.vcxproj" (build target(s)).

Build succeeded.

Time Elapsed 00:00:07.45
